<?xml version="1.0" encoding="UTF-8"?>
<testsuite xmlns:xsi="http://www.w3.org/2001/XMLSchema-instance" xsi:noNamespaceSchemaLocation="https://maven.apache.org/surefire/maven-surefire-plugin/xsd/surefire-test-report-3.0.xsd" version="3.0" name="com.marclw.lolstats.training.ModelEvaluatorTest" time="0.024" tests="8" errors="0" skipped="0" failures="0">
  <properties>
[...]
</properties>
  <testcase name="aucIsInValidRange" classname="com.marclw.lolstats.training.ModelEvaluatorTest" time="0.004"/>
  <testcase name="rejectsUnlabeledTestRows" classname="com.marclw.lolstats.training.ModelEvaluatorTest" time="0.003"/>
  <testcase name="accuracyIsZeroWhenModelIsAlwaysWrong" classname="com.marclw.lolstats.training.ModelEvaluatorTest" time="0.001"/>
  <testcase name="emptyTestSetReturnsZeroRatherThanDividingByZero" classname="com.marclw.lolstats.training.ModelEvaluatorTest" time="0.003"/>
  <testcase name="baselineAccuracyIsTheBlueWinRate" classname="com.marclw.lolstats.training.ModelEvaluatorTest" time="0.001"/>
  <testcase name="aucIsOneForPerfectRanking" classname="com.marclw.lolstats.training.ModelEvaluatorTest" time="0.001"/>
  <testcase name="accuracyIsHalfOnAnEvenSplit" classname="com.marclw.lolstats.training.ModelEvaluatorTest" time="0.0"/>
  <testcase name="accuracyIsOneWhenModelIsAlwaysRight" classname="com.marclw.lolstats.training.ModelEvaluatorTest" time="0.001"/>
</testsuite>